CRITICAL - 2022-03-23 04:18:51 --> The framework needs the following extension(s) installed and loaded: intl.
#0 C:\Users\FSLaksana\Videos\restfullapi-4\system\CodeIgniter.php(219): CodeIgniter\Exceptions\FrameworkException::forMissingExtension('intl')
#1 C:\Users\FSLaksana\Videos\restfullapi-4\system\CodeIgniter.php(177): CodeIgniter\CodeIgniter->resolvePlatformExtensions()
#2 C:\Users\FSLaksana\Videos\restfullapi-4\system\bootstrap.php(146): CodeIgniter\CodeIgniter->initialize()
#3 C:\Users\FSLaksana\Videos\restfullapi-4\spark(45): require('C:\\Users\\FSLaks...')
#4 {main}
CRITICAL - 2022-03-23 04:19:19 --> The framework needs the following extension(s) installed and loaded: intl.
#0 C:\Users\FSLaksana\Videos\restfullapi-4\system\CodeIgniter.php(219): CodeIgniter\Exceptions\FrameworkException::forMissingExtension('intl')
#1 C:\Users\FSLaksana\Videos\restfullapi-4\system\CodeIgniter.php(177): CodeIgniter\CodeIgniter->resolvePlatformExtensions()
#2 C:\Users\FSLaksana\Videos\restfullapi-4\system\bootstrap.php(146): CodeIgniter\CodeIgniter->initialize()
#3 C:\Users\FSLaksana\Videos\restfullapi-4\spark(45): require('C:\\Users\\FSLaks...')
#4 {main}
CRITICAL - 2022-03-23 01:42:43 --> login filter must have a matching alias defined.
#0 C:\Users\FSLaksana\Videos\restfullapi-4\system\Filters\Filters.php(340): CodeIgniter\Filters\Exceptions\FilterException::forNoAlias('login')
#1 C:\Users\FSLaksana\Videos\restfullapi-4\system\CodeIgniter.php(384): CodeIgniter\Filters\Filters->enableFilter('login', 'before')
#2 C:\Users\FSLaksana\Videos\restfullapi-4\system\CodeIgniter.php(326): CodeIgniter\CodeIgniter->handleRequest(NULL, Object(Config\Cache), false)
#3 C:\Users\FSLaksana\Videos\restfullapi-4\public\index.php(37): CodeIgniter\CodeIgniter->run()
#4 C:\Users\FSLaksana\Videos\restfullapi-4\system\Commands\Server\rewrite.php(43): require_once('C:\\Users\\FSLaks...')
#5 {main}
CRITICAL - 2022-03-23 01:52:25 --> login filter must have a matching alias defined.
#0 C:\Users\FSLaksana\Videos\restfullapi-4\system\Filters\Filters.php(340): CodeIgniter\Filters\Exceptions\FilterException::forNoAlias('login')
#1 C:\Users\FSLaksana\Videos\restfullapi-4\system\CodeIgniter.php(384): CodeIgniter\Filters\Filters->enableFilter('login', 'before')
#2 C:\Users\FSLaksana\Videos\restfullapi-4\system\CodeIgniter.php(326): CodeIgniter\CodeIgniter->handleRequest(NULL, Object(Config\Cache), false)
#3 C:\Users\FSLaksana\Videos\restfullapi-4\public\index.php(37): CodeIgniter\CodeIgniter->run()
#4 C:\Users\FSLaksana\Videos\restfullapi-4\system\Commands\Server\rewrite.php(43): require_once('C:\\Users\\FSLaks...')
#5 {main}
CRITICAL - 2022-03-23 02:06:00 --> Class "Config\LoginFilter" not found
#0 C:\Users\FSLaksana\Videos\restfullapi-4\system\CodeIgniter.php(393): CodeIgniter\Filters\Filters->run('home', 'before')
#1 C:\Users\FSLaksana\Videos\restfullapi-4\system\CodeIgniter.php(326): CodeIgniter\CodeIgniter->handleRequest(NULL, Object(Config\Cache), false)
#2 C:\Users\FSLaksana\Videos\restfullapi-4\public\index.php(37): CodeIgniter\CodeIgniter->run()
#3 C:\Users\FSLaksana\Videos\restfullapi-4\system\Commands\Server\rewrite.php(43): require_once('C:\\Users\\FSLaks...')
#4 {main}
CRITICAL - 2022-03-23 02:10:17 --> Class "Config\LoginFilter" not found
#0 C:\Users\FSLaksana\Videos\restfullapi-4\system\CodeIgniter.php(393): CodeIgniter\Filters\Filters->run('home', 'before')
#1 C:\Users\FSLaksana\Videos\restfullapi-4\system\CodeIgniter.php(326): CodeIgniter\CodeIgniter->handleRequest(NULL, Object(Config\Cache), false)
#2 C:\Users\FSLaksana\Videos\restfullapi-4\public\index.php(37): CodeIgniter\CodeIgniter->run()
#3 C:\Users\FSLaksana\Videos\restfullapi-4\system\Commands\Server\rewrite.php(43): require_once('C:\\Users\\FSLaks...')
#4 {main}
CRITICAL - 2022-03-23 02:10:30 --> Class "Config\LoginFilter" not found
#0 C:\Users\FSLaksana\Videos\restfullapi-4\system\CodeIgniter.php(393): CodeIgniter\Filters\Filters->run('home', 'before')
#1 C:\Users\FSLaksana\Videos\restfullapi-4\system\CodeIgniter.php(326): CodeIgniter\CodeIgniter->handleRequest(NULL, Object(Config\Cache), false)
#2 C:\Users\FSLaksana\Videos\restfullapi-4\public\index.php(37): CodeIgniter\CodeIgniter->run()
#3 C:\Users\FSLaksana\Videos\restfullapi-4\system\Commands\Server\rewrite.php(43): require_once('C:\\Users\\FSLaks...')
#4 {main}
CRITICAL - 2022-03-23 02:36:12 --> Class "Config\LoginFilter" not found
#0 C:\Users\FSLaksana\Videos\restfullapi-4\system\CodeIgniter.php(393): CodeIgniter\Filters\Filters->run('home', 'before')
#1 C:\Users\FSLaksana\Videos\restfullapi-4\system\CodeIgniter.php(326): CodeIgniter\CodeIgniter->handleRequest(NULL, Object(Config\Cache), false)
#2 C:\Users\FSLaksana\Videos\restfullapi-4\public\index.php(37): CodeIgniter\CodeIgniter->run()
#3 C:\Users\FSLaksana\Videos\restfullapi-4\system\Commands\Server\rewrite.php(43): require_once('C:\\Users\\FSLaks...')
#4 {main}
CRITICAL - 2022-03-23 02:47:48 --> Class "Myth\Auth\Authentication\Password\ValidationRules" not found
#0 C:\Users\FSLaksana\Videos\restfullapi-4\system\Validation\Validation.php(115): CodeIgniter\Validation\Validation->loadRuleSets()
#1 C:\Users\FSLaksana\Videos\restfullapi-4\system\Controller.php(160): CodeIgniter\Validation\Validation->run()
#2 C:\Users\FSLaksana\Videos\restfullapi-4\app\ThirdParty\myth-auth\src\Controllers\AuthController.php(75): CodeIgniter\Controller->validate(Array)
#3 C:\Users\FSLaksana\Videos\restfullapi-4\system\CodeIgniter.php(832): Myth\Auth\Controllers\AuthController->attemptLogin()
#4 C:\Users\FSLaksana\Videos\restfullapi-4\system\CodeIgniter.php(419): CodeIgniter\CodeIgniter->runController(Object(Myth\Auth\Controllers\AuthController))
#5 C:\Users\FSLaksana\Videos\restfullapi-4\system\CodeIgniter.php(326): CodeIgniter\CodeIgniter->handleRequest(NULL, Object(Config\Cache), false)
#6 C:\Users\FSLaksana\Videos\restfullapi-4\public\index.php(37): CodeIgniter\CodeIgniter->run()
#7 C:\Users\FSLaksana\Videos\restfullapi-4\system\Commands\Server\rewrite.php(43): require_once('C:\\Users\\FSLaks...')
#8 {main}
CRITICAL - 2022-03-23 02:49:00 --> Class "Myth\Auth\Authentication\Password\ValidationRules" not found
#0 C:\Users\FSLaksana\Videos\restfullapi-4\system\Validation\Validation.php(115): CodeIgniter\Validation\Validation->loadRuleSets()
#1 C:\Users\FSLaksana\Videos\restfullapi-4\system\Controller.php(160): CodeIgniter\Validation\Validation->run()
#2 C:\Users\FSLaksana\Videos\restfullapi-4\app\ThirdParty\myth-auth\src\Controllers\AuthController.php(75): CodeIgniter\Controller->validate(Array)
#3 C:\Users\FSLaksana\Videos\restfullapi-4\system\CodeIgniter.php(832): Myth\Auth\Controllers\AuthController->attemptLogin()
#4 C:\Users\FSLaksana\Videos\restfullapi-4\system\CodeIgniter.php(419): CodeIgniter\CodeIgniter->runController(Object(Myth\Auth\Controllers\AuthController))
#5 C:\Users\FSLaksana\Videos\restfullapi-4\system\CodeIgniter.php(326): CodeIgniter\CodeIgniter->handleRequest(NULL, Object(Config\Cache), false)
#6 C:\Users\FSLaksana\Videos\restfullapi-4\public\index.php(37): CodeIgniter\CodeIgniter->run()
#7 C:\Users\FSLaksana\Videos\restfullapi-4\system\Commands\Server\rewrite.php(43): require_once('C:\\Users\\FSLaks...')
#8 {main}
CRITICAL - 2022-03-23 02:49:08 --> Class "Myth\Auth\Authentication\Password\ValidationRules" not found
#0 C:\Users\FSLaksana\Videos\restfullapi-4\system\Validation\Validation.php(115): CodeIgniter\Validation\Validation->loadRuleSets()
#1 C:\Users\FSLaksana\Videos\restfullapi-4\system\Controller.php(160): CodeIgniter\Validation\Validation->run()
#2 C:\Users\FSLaksana\Videos\restfullapi-4\app\ThirdParty\myth-auth\src\Controllers\AuthController.php(161): CodeIgniter\Controller->validate(Array)
#3 C:\Users\FSLaksana\Videos\restfullapi-4\system\CodeIgniter.php(832): Myth\Auth\Controllers\AuthController->attemptRegister()
#4 C:\Users\FSLaksana\Videos\restfullapi-4\system\CodeIgniter.php(419): CodeIgniter\CodeIgniter->runController(Object(Myth\Auth\Controllers\AuthController))
#5 C:\Users\FSLaksana\Videos\restfullapi-4\system\CodeIgniter.php(326): CodeIgniter\CodeIgniter->handleRequest(NULL, Object(Config\Cache), false)
#6 C:\Users\FSLaksana\Videos\restfullapi-4\public\index.php(37): CodeIgniter\CodeIgniter->run()
#7 C:\Users\FSLaksana\Videos\restfullapi-4\system\Commands\Server\rewrite.php(43): require_once('C:\\Users\\FSLaks...')
#8 {main}
CRITICAL - 2022-03-23 02:50:11 --> Class "Myth\Auth\Authentication\Password\ValidationRules" not found
#0 C:\Users\FSLaksana\Videos\restfullapi-4\system\Validation\Validation.php(115): CodeIgniter\Validation\Validation->loadRuleSets()
#1 C:\Users\FSLaksana\Videos\restfullapi-4\system\Controller.php(160): CodeIgniter\Validation\Validation->run()
#2 C:\Users\FSLaksana\Videos\restfullapi-4\app\ThirdParty\myth-auth\src\Controllers\AuthController.php(161): CodeIgniter\Controller->validate(Array)
#3 C:\Users\FSLaksana\Videos\restfullapi-4\system\CodeIgniter.php(832): Myth\Auth\Controllers\AuthController->attemptRegister()
#4 C:\Users\FSLaksana\Videos\restfullapi-4\system\CodeIgniter.php(419): CodeIgniter\CodeIgniter->runController(Object(Myth\Auth\Controllers\AuthController))
#5 C:\Users\FSLaksana\Videos\restfullapi-4\system\CodeIgniter.php(326): CodeIgniter\CodeIgniter->handleRequest(NULL, Object(Config\Cache), false)
#6 C:\Users\FSLaksana\Videos\restfullapi-4\public\index.php(37): CodeIgniter\CodeIgniter->run()
#7 C:\Users\FSLaksana\Videos\restfullapi-4\system\Commands\Server\rewrite.php(43): require_once('C:\\Users\\FSLaks...')
#8 {main}
CRITICAL - 2022-03-23 02:51:14 --> Class "Config\LoginFilter" not found
#0 C:\Users\FSLaksana\Videos\restfullapi-4\system\CodeIgniter.php(393): CodeIgniter\Filters\Filters->run('home', 'before')
#1 C:\Users\FSLaksana\Videos\restfullapi-4\system\CodeIgniter.php(326): CodeIgniter\CodeIgniter->handleRequest(NULL, Object(Config\Cache), false)
#2 C:\Users\FSLaksana\Videos\restfullapi-4\public\index.php(37): CodeIgniter\CodeIgniter->run()
#3 C:\Users\FSLaksana\Videos\restfullapi-4\system\Commands\Server\rewrite.php(43): require_once('C:\\Users\\FSLaks...')
#4 {main}
CRITICAL - 2022-03-23 02:59:28 --> Class "Codeigniter\Filters\DebugToolbar" not found
#0 C:\Users\FSLaksana\Videos\restfullapi-4\system\CodeIgniter.php(436): CodeIgniter\Filters\Filters->run('login', 'after')
#1 C:\Users\FSLaksana\Videos\restfullapi-4\system\CodeIgniter.php(326): CodeIgniter\CodeIgniter->handleRequest(NULL, Object(Config\Cache), false)
#2 C:\Users\FSLaksana\Videos\restfullapi-4\public\index.php(37): CodeIgniter\CodeIgniter->run()
#3 C:\Users\FSLaksana\Videos\restfullapi-4\system\Commands\Server\rewrite.php(43): require_once('C:\\Users\\FSLaks...')
#4 {main}
CRITICAL - 2022-03-23 02:59:30 --> Class "Codeigniter\Filters\DebugToolbar" not found
#0 C:\Users\FSLaksana\Videos\restfullapi-4\system\CodeIgniter.php(436): CodeIgniter\Filters\Filters->run('login', 'after')
#1 C:\Users\FSLaksana\Videos\restfullapi-4\system\CodeIgniter.php(326): CodeIgniter\CodeIgniter->handleRequest(NULL, Object(Config\Cache), false)
#2 C:\Users\FSLaksana\Videos\restfullapi-4\public\index.php(37): CodeIgniter\CodeIgniter->run()
#3 C:\Users\FSLaksana\Videos\restfullapi-4\system\Commands\Server\rewrite.php(43): require_once('C:\\Users\\FSLaks...')
#4 {main}
CRITICAL - 2022-03-23 03:11:02 --> Class name must be a valid object or a string
#0 C:\Users\FSLaksana\Videos\restfullapi-4\system\Config\BaseService.php(248): Myth\Auth\Config\Services::activator(Object(Myth\Auth\Config\Auth), false)
#1 C:\Users\FSLaksana\Videos\restfullapi-4\system\Config\BaseService.php(189): CodeIgniter\Config\BaseService::__callStatic('activator', Array)
#2 C:\Users\FSLaksana\Videos\restfullapi-4\app\ThirdParty\myth-auth\src\Config\Services.php(86): CodeIgniter\Config\BaseService::getSharedInstance('activator', NULL)
#3 C:\Users\FSLaksana\Videos\restfullapi-4\system\Config\BaseService.php(248): Myth\Auth\Config\Services::activator()
#4 C:\Users\FSLaksana\Videos\restfullapi-4\system\Common.php(929): CodeIgniter\Config\BaseService::__callStatic('activator', Array)
#5 C:\Users\FSLaksana\Videos\restfullapi-4\app\ThirdParty\myth-auth\src\Controllers\AuthController.php(195): service('activator')
#6 C:\Users\FSLaksana\Videos\restfullapi-4\system\CodeIgniter.php(832): Myth\Auth\Controllers\AuthController->attemptRegister()
#7 C:\Users\FSLaksana\Videos\restfullapi-4\system\CodeIgniter.php(419): CodeIgniter\CodeIgniter->runController(Object(Myth\Auth\Controllers\AuthController))
#8 C:\Users\FSLaksana\Videos\restfullapi-4\system\CodeIgniter.php(326): CodeIgniter\CodeIgniter->handleRequest(NULL, Object(Config\Cache), false)
#9 C:\Users\FSLaksana\Videos\restfullapi-4\public\index.php(37): CodeIgniter\CodeIgniter->run()
#10 C:\Users\FSLaksana\Videos\restfullapi-4\system\Commands\Server\rewrite.php(43): require_once('C:\\Users\\FSLaks...')
#11 {main}
CRITICAL - 2022-03-23 03:13:10 --> Class name must be a valid object or a string
#0 C:\Users\FSLaksana\Videos\restfullapi-4\system\Config\BaseService.php(248): Myth\Auth\Config\Services::activator(Object(Myth\Auth\Config\Auth), false)
#1 C:\Users\FSLaksana\Videos\restfullapi-4\system\Config\BaseService.php(189): CodeIgniter\Config\BaseService::__callStatic('activator', Array)
#2 C:\Users\FSLaksana\Videos\restfullapi-4\app\ThirdParty\myth-auth\src\Config\Services.php(86): CodeIgniter\Config\BaseService::getSharedInstance('activator', NULL)
#3 C:\Users\FSLaksana\Videos\restfullapi-4\system\Config\BaseService.php(248): Myth\Auth\Config\Services::activator()
#4 C:\Users\FSLaksana\Videos\restfullapi-4\system\Common.php(929): CodeIgniter\Config\BaseService::__callStatic('activator', Array)
#5 C:\Users\FSLaksana\Videos\restfullapi-4\app\ThirdParty\myth-auth\src\Controllers\AuthController.php(195): service('activator')
#6 C:\Users\FSLaksana\Videos\restfullapi-4\system\CodeIgniter.php(832): Myth\Auth\Controllers\AuthController->attemptRegister()
#7 C:\Users\FSLaksana\Videos\restfullapi-4\system\CodeIgniter.php(419): CodeIgniter\CodeIgniter->runController(Object(Myth\Auth\Controllers\AuthController))
#8 C:\Users\FSLaksana\Videos\restfullapi-4\system\CodeIgniter.php(326): CodeIgniter\CodeIgniter->handleRequest(NULL, Object(Config\Cache), false)
#9 C:\Users\FSLaksana\Videos\restfullapi-4\public\index.php(37): CodeIgniter\CodeIgniter->run()
#10 C:\Users\FSLaksana\Videos\restfullapi-4\system\Commands\Server\rewrite.php(43): require_once('C:\\Users\\FSLaks...')
#11 {main}
